# JRE version: Java(TM) SE Runtime Environment (8.0_211-b12) (build 1.8.0_211-b12)
# Java VM: Java HotSpot(TM) Client VM (25.211-b12 mixed mode windows-x86 )
Heap:
 def new generation   total 200832K, used 177804K [0x0fa00000, 0x1d3e0000, 0x24f50000)
  eden space 178560K,  99% used [0x0fa00000, 0x1a7a3288, 0x1a860000)
  from space 22272K,   0% used [0x1be20000, 0x1be20000, 0x1d3e0000)
  to   space 22272K,  99% used [0x1a860000, 0x1be1fff8, 0x1be20000)
 tenured generation   total 458652K, used 458652K [0x24f50000, 0x40f57000, 0x4fa00000)
   the space 458652K, 100% used [0x24f50000, 0x40f37000, 0x40f37000, 0x40f37000)
 Metaspace       used 77807K, capacity 78403K, committed 78720K, reserved 79232K
GC Heap History (10 events):
Event: 16061.908 GC heap after
Heap after GC invocations=776 (full 38):
 def new generation   total 197376K, used 20994K [0x0fa00000, 0x1d020000, 0x24f50000)
  eden space 175488K,  11% used [0x0fa00000, 0x10e80838, 0x1a560000)
  from space 21888K,   0% used [0x1a560000, 0x1a560000, 0x1bac0000)
  to   space 21888K,   0% used [0x1bac0000, 0x1bac0000, 0x1d020000)
 tenured generation   total 438456K, used 438455K [0x24f50000, 0x3fb7e000, 0x4fa00000)
   the space 438456K,  99% used [0x24f50000, 0x3fb7dff8, 0x3fb7e000, 0x3fb7e000)
 Metaspace       used 77807K, capacity 78403K, committed 78720K, reserved 79232K
}
Event: 16064.274 GC heap before
{Heap before GC invocations=776 (full 38):
 def new generation   total 197376K, used 175488K [0x0fa00000, 0x1d020000, 0x24f50000)
  eden space 175488K, 100% used [0x0fa00000, 0x1a560000, 0x1a560000)
  from space 21888K,   0% used [0x1a560000, 0x1a560000, 0x1bac0000)
  to   space 21888K,   0% used [0x1bac0000, 0x1bac0000, 0x1d020000)
 tenured generation   total 438456K, used 438455K [0x24f50000, 0x3fb7e000, 0x4fa00000)
   the space 438456K,  99% used [0x24f50000, 0x3fb7dff8, 0x3fb7e000, 0x3fb7e000)
 Metaspace       used 77807K, capacity 78403K, committed 78720K, reserved 79232K
Event: 16066.035 GC heap after
Heap after GC invocations=777 (full 39):
 def new generation   total 200832K, used 21342K [0x0fa00000, 0x1d3e0000, 0x24f50000)
  eden space 178560K,  11% used [0x0fa00000, 0x10ed7a38, 0x1a860000)
  from space 22272K,   0% used [0x1a860000, 0x1a860000, 0x1be20000)
  to   space 22272K,   0% used [0x1be20000, 0x1be20000, 0x1d3e0000)
 tenured generation   total 446136K, used 446136K [0x24f50000, 0x402fe000, 0x4fa00000)
   the space 446136K, 100% used [0x24f50000, 0x402fe000, 0x402fe000, 0x402fe000)
 Metaspace       used 77807K, capacity 78403K, committed 78720K, reserved 79232K
}
Event: 16068.059 GC heap before
{Heap before GC invocations=777 (full 39):
 def new generation   total 200832K, used 178560K [0x0fa00000, 0x1d3e0000, 0x24f50000)
  eden space 178560K, 100% used [0x0fa00000, 0x1a860000, 0x1a860000)
  from space 22272K,   0% used [0x1a860000, 0x1a860000, 0x1be20000)
  to   space 22272K,   0% used [0x1be20000, 0x1be20000, 0x1d3e0000)
 tenured generation   total 446136K, used 446136K [0x24f50000, 0x402fe000, 0x4fa00000)
   the space 446136K, 100% used [0x24f50000, 0x402fe000, 0x402fe000, 0x402fe000)
 Metaspace       used 77807K, capacity 78403K, committed 78720K, reserved 79232K
Event: 16070.069 GC heap after
Heap after GC invocations=778 (full 40):
 def new generation   total 200832K, used 17737K [0x0fa00000, 0x1d3e0000, 0x24f50000)
  eden space 178560K,   9% used [0x0fa00000, 0x10b52500, 0x1a860000)
  from space 22272K,   0% used [0x1be20000, 0x1be20000, 0x1d3e0000)
  to   space 22272K,   0% used [0x1a860000, 0x1a860000, 0x1be20000)
 tenured generation   total 453840K, used 453839K [0x24f50000, 0x40a84000, 0x4fa00000)
   the space 453840K,  99% used [0x24f50000, 0x40a83ff0, 0x40a84000, 0x40a84000)
 Metaspace       used 77807K, capacity 78403K, committed 78720K, reserved 79232K
}
Event: 16071.978 GC heap before
{Heap before GC invocations=778 (full 40):
 def new generation   total 200832K, used 178560K [0x0fa00000, 0x1d3e0000, 0x24f50000)
  eden space 178560K, 100% used [0x0fa00000, 0x1a860000, 0x1a860000)
  from space 22272K,   0% used [0x1be20000, 0x1be20000, 0x1d3e0000)
  to   space 22272K,   0% used [0x1a860000, 0x1a860000, 0x1be20000)
 tenured generation   total 453840K, used 453839K [0x24f50000, 0x40a84000, 0x4fa00000)
   the space 453840K,  99% used [0x24f50000, 0x40a83ff0, 0x40a84000, 0x40a84000)
 Metaspace       used 77807K, capacity 78403K, committed 78720K, reserved 79232K
Event: 16074.096 GC heap after
Heap after GC invocations=779 (full 41):
 def new generation   total 200832K, used 24042K [0x0fa00000, 0x1d3e0000, 0x24f50000)
  eden space 178560K,  13% used [0x0fa00000, 0x1117a8c8, 0x1a860000)
  from space 22272K,   0% used [0x1a860000, 0x1a860000, 0x1be20000)
  to   space 22272K,   0% used [0x1be20000, 0x1be20000, 0x1d3e0000)
 tenured generation   total 455728K, used 455728K [0x24f50000, 0x40c5c000, 0x4fa00000)
   the space 455728K, 100% used [0x24f50000, 0x40c5c000, 0x40c5c000, 0x40c5c000)
 Metaspace       used 77807K, capacity 78403K, committed 78720K, reserved 79232K
}
Event: 16075.862 GC heap before
{Heap before GC invocations=779 (full 41):
 def new generation   total 200832K, used 178560K [0x0fa00000, 0x1d3e0000, 0x24f50000)
  eden space 178560K, 100% used [0x0fa00000, 0x1a860000, 0x1a860000)
  from space 22272K,   0% used [0x1a860000, 0x1a860000, 0x1be20000)
  to   space 22272K,   0% used [0x1be20000, 0x1be20000, 0x1d3e0000)
 tenured generation   total 455728K, used 455728K [0x24f50000, 0x40c5c000, 0x4fa00000)
   the space 455728K, 100% used [0x24f50000, 0x40c5c000, 0x40c5c000, 0x40c5c000)
 Metaspace       used 77807K, capacity 78403K, committed 78720K, reserved 79232K
Event: 16078.192 GC heap after
Heap after GC invocations=780 (full 42):
 def new generation   total 200832K, used 29983K [0x0fa00000, 0x1d3e0000, 0x24f50000)
  eden space 178560K,  16% used [0x0fa00000, 0x11747e18, 0x1a860000)
  from space 22272K,   0% used [0x1be20000, 0x1be20000, 0x1d3e0000)
  to   space 22272K,   0% used [0x1a860000, 0x1a860000, 0x1be20000)
 tenured generation   total 458012K, used 458011K [0x24f50000, 0x40e97000, 0x4fa00000)
   the space 458012K,  99% used [0x24f50000, 0x40e96ff8, 0x40e97000, 0x40e97000)
 Metaspace       used 77807K, capacity 78403K, committed 78720K, reserved 79232K
}
Event: 16079.266 GC heap before
{Heap before GC invocations=780 (full 42):
 def new generation   total 200832K, used 177804K [0x0fa00000, 0x1d3e0000, 0x24f50000)
  eden space 178560K,  99% used [0x0fa00000, 0x1a7a3288, 0x1a860000)
  from space 22272K,   0% used [0x1be20000, 0x1be20000, 0x1d3e0000)
  to   space 22272K,   0% used [0x1a860000, 0x1a860000, 0x1be20000)
 tenured generation   total 458012K, used 458011K [0x24f50000, 0x40e97000, 0x4fa00000)
   the space 458012K,  99% used [0x24f50000, 0x40e96ff8, 0x40e97000, 0x40e97000)
 Metaspace       used 77807K, capacity 78403K, committed 78720K, reserved 79232K

