# JRE version: Java(TM) SE Runtime Environment (8.0_211-b12) (build 1.8.0_211-b12)
# Java VM: Java HotSpot(TM) Client VM (25.211-b12 mixed mode windows-x86 )
Heap:
 def new generation   total 80704K, used 31251K [0x07a00000, 0x0d190000, 0x1cf50000)
  eden space 71744K,  43% used [0x07a00000, 0x09856420, 0x0c010000)
  from space 8960K,   2% used [0x0c010000, 0x0c03ea20, 0x0c8d0000)
  to   space 8960K,   0% used [0x0c8d0000, 0x0c8d0000, 0x0d190000)
 tenured generation   total 179284K, used 161265K [0x1cf50000, 0x27e65000, 0x47a00000)
   the space 179284K,  89% used [0x1cf50000, 0x26ccc720, 0x26ccc800, 0x27e65000)
 Metaspace       used 112320K, capacity 113532K, committed 113536K, reserved 114048K
GC Heap History (10 events):
Event: 2717.308 GC heap after
Heap after GC invocations=505 (full 22):
 def new generation   total 80704K, used 7772K [0x07a00000, 0x0d190000, 0x1cf50000)
  eden space 71744K,   0% used [0x07a00000, 0x07a00000, 0x0c010000)
  from space 8960K,  86% used [0x0c010000, 0x0c7a7220, 0x0c8d0000)
  to   space 8960K,   0% used [0x0c8d0000, 0x0c8d0000, 0x0d190000)
 tenured generation   total 179284K, used 148599K [0x1cf50000, 0x27e65000, 0x47a00000)
   the space 179284K,  82% used [0x1cf50000, 0x2606df18, 0x2606e000, 0x27e65000)
 Metaspace       used 112310K, capacity 113520K, committed 113536K, reserved 114048K
}
Event: 2717.990 GC heap before
{Heap before GC invocations=505 (full 22):
 def new generation   total 80704K, used 79516K [0x07a00000, 0x0d190000, 0x1cf50000)
  eden space 71744K, 100% used [0x07a00000, 0x0c010000, 0x0c010000)
  from space 8960K,  86% used [0x0c010000, 0x0c7a7220, 0x0c8d0000)
  to   space 8960K,   0% used [0x0c8d0000, 0x0c8d0000, 0x0d190000)
 tenured generation   total 179284K, used 148599K [0x1cf50000, 0x27e65000, 0x47a00000)
   the space 179284K,  82% used [0x1cf50000, 0x2606df18, 0x2606e000, 0x27e65000)
 Metaspace       used 112316K, capacity 113528K, committed 113536K, reserved 114048K
Event: 2718.041 GC heap after
Heap after GC invocations=506 (full 22):
 def new generation   total 80704K, used 5249K [0x07a00000, 0x0d190000, 0x1cf50000)
  eden space 71744K,   0% used [0x07a00000, 0x07a00000, 0x0c010000)
  from space 8960K,  58% used [0x0c8d0000, 0x0cdf0568, 0x0d190000)
  to   space 8960K,   0% used [0x0c010000, 0x0c010000, 0x0c8d0000)
 tenured generation   total 179284K, used 156285K [0x1cf50000, 0x27e65000, 0x47a00000)
   the space 179284K,  87% used [0x1cf50000, 0x267ef438, 0x267ef600, 0x27e65000)
 Metaspace       used 112316K, capacity 113528K, committed 113536K, reserved 114048K
}
Event: 7879.105 GC heap before
{Heap before GC invocations=506 (full 22):
 def new generation   total 80704K, used 76993K [0x07a00000, 0x0d190000, 0x1cf50000)
  eden space 71744K, 100% used [0x07a00000, 0x0c010000, 0x0c010000)
  from space 8960K,  58% used [0x0c8d0000, 0x0cdf0568, 0x0d190000)
  to   space 8960K,   0% used [0x0c010000, 0x0c010000, 0x0c8d0000)
 tenured generation   total 179284K, used 156285K [0x1cf50000, 0x27e65000, 0x47a00000)
   the space 179284K,  87% used [0x1cf50000, 0x267ef438, 0x267ef600, 0x27e65000)
 Metaspace       used 112318K, capacity 113530K, committed 113536K, reserved 114048K
Event: 7879.135 GC heap after
Heap after GC invocations=507 (full 22):
 def new generation   total 80704K, used 115K [0x07a00000, 0x0d190000, 0x1cf50000)
  eden space 71744K,   0% used [0x07a00000, 0x07a00000, 0x0c010000)
  from space 8960K,   1% used [0x0c010000, 0x0c02cfe8, 0x0c8d0000)
  to   space 8960K,   0% used [0x0c8d0000, 0x0c8d0000, 0x0d190000)
 tenured generation   total 179284K, used 161265K [0x1cf50000, 0x27e65000, 0x47a00000)
   the space 179284K,  89% used [0x1cf50000, 0x26ccc720, 0x26ccc800, 0x27e65000)
 Metaspace       used 112318K, capacity 113530K, committed 113536K, reserved 114048K
}
Event: 7988.738 GC heap before
{Heap before GC invocations=507 (full 22):
 def new generation   total 80704K, used 71859K [0x07a00000, 0x0d190000, 0x1cf50000)
  eden space 71744K, 100% used [0x07a00000, 0x0c010000, 0x0c010000)
  from space 8960K,   1% used [0x0c010000, 0x0c02cfe8, 0x0c8d0000)
  to   space 8960K,   0% used [0x0c8d0000, 0x0c8d0000, 0x0d190000)
 tenured generation   total 179284K, used 161265K [0x1cf50000, 0x27e65000, 0x47a00000)
   the space 179284K,  89% used [0x1cf50000, 0x26ccc720, 0x26ccc800, 0x27e65000)
 Metaspace       used 112318K, capacity 113530K, committed 113536K, reserved 114048K
Event: 7988.752 GC heap after
Heap after GC invocations=508 (full 22):
 def new generation   total 80704K, used 185K [0x07a00000, 0x0d190000, 0x1cf50000)
  eden space 71744K,   0% used [0x07a00000, 0x07a00000, 0x0c010000)
  from space 8960K,   2% used [0x0c8d0000, 0x0c8fe428, 0x0d190000)
  to   space 8960K,   0% used [0x0c010000, 0x0c010000, 0x0c8d0000)
 tenured generation   total 179284K, used 161265K [0x1cf50000, 0x27e65000, 0x47a00000)
   the space 179284K,  89% used [0x1cf50000, 0x26ccc720, 0x26ccc800, 0x27e65000)
 Metaspace       used 112318K, capacity 113530K, committed 113536K, reserved 114048K
}
Event: 8087.279 GC heap before
{Heap before GC invocations=508 (full 22):
 def new generation   total 80704K, used 71929K [0x07a00000, 0x0d190000, 0x1cf50000)
  eden space 71744K, 100% used [0x07a00000, 0x0c010000, 0x0c010000)
  from space 8960K,   2% used [0x0c8d0000, 0x0c8fe428, 0x0d190000)
  to   space 8960K,   0% used [0x0c010000, 0x0c010000, 0x0c8d0000)
 tenured generation   total 179284K, used 161265K [0x1cf50000, 0x27e65000, 0x47a00000)
   the space 179284K,  89% used [0x1cf50000, 0x26ccc720, 0x26ccc800, 0x27e65000)
 Metaspace       used 112318K, capacity 113530K, committed 113536K, reserved 114048K
Event: 8087.291 GC heap after
Heap after GC invocations=509 (full 22):
 def new generation   total 80704K, used 186K [0x07a00000, 0x0d190000, 0x1cf50000)
  eden space 71744K,   0% used [0x07a00000, 0x07a00000, 0x0c010000)
  from space 8960K,   2% used [0x0c010000, 0x0c03ea20, 0x0c8d0000)
  to   space 8960K,   0% used [0x0c8d0000, 0x0c8d0000, 0x0d190000)
 tenured generation   total 179284K, used 161265K [0x1cf50000, 0x27e65000, 0x47a00000)
   the space 179284K,  89% used [0x1cf50000, 0x26ccc720, 0x26ccc800, 0x27e65000)
 Metaspace       used 112318K, capacity 113530K, committed 113536K, reserved 114048K
}
Event: 8111.009 GC heap before
{Heap before GC invocations=509 (full 22):
 def new generation   total 80704K, used 31251K [0x07a00000, 0x0d190000, 0x1cf50000)
  eden space 71744K,  43% used [0x07a00000, 0x09856420, 0x0c010000)
  from space 8960K,   2% used [0x0c010000, 0x0c03ea20, 0x0c8d0000)
  to   space 8960K,   0% used [0x0c8d0000, 0x0c8d0000, 0x0d190000)
 tenured generation   total 179284K, used 161265K [0x1cf50000, 0x27e65000, 0x47a00000)
   the space 179284K,  89% used [0x1cf50000, 0x26ccc720, 0x26ccc800, 0x27e65000)
 Metaspace       used 112320K, capacity 113532K, committed 113536K, reserved 114048K

